1610373524227	geckodriver	INFO	Listening on 127.0.0.1:3197
1610373527227	mozrunner::runner	INFO	Running command: "C:\\Program Files (x86)\\Mozilla Firefox\\firefox.exe" "--marionette" "-foreground" "-no-remote" "-profile" "C:\\Users\\raylan\\AppData\\Local\\Temp\\rust_mozprofilemCCroW"
Can't find symbol 'eglSwapBuffersWithDamageEXT'.
JavaScript error: resource://gre/modules/XULStore.jsm, line 66: Error: Can't find profile directory.
console.error: SearchCache: "_readCacheFile: Error reading cache file:" (new Error("", "(unknown module)"))
1610373539027	Marionette	INFO	Listening on port 3207
1610373539490	Marionette	WARN	TLS certificate errors will be ignored for this session
JavaScript warning: https://vlibras.gov.br/app2/vlibras-plugin.js, line 81: unreachable code after return statement
JavaScript warning: https://vlibras.gov.br/app2/vlibras-plugin.js, line 81: unreachable code after return statement
JavaScript warning: http://www.snirh.gov.br/hidrotelemetria/inc/js/Functions.js, line 447: unreachable code after return statement
JavaScript warning: http://www.snirh.gov.br/hidrotelemetria/inc/js/Functions.js, line 501: unreachable code after return statement
JavaScript warning: http://www.snirh.gov.br/hidrotelemetria/inc/js/Functions.js, line 558: unreachable code after return statement
JavaScript error: resource://gre/actors/AutoCompleteChild.jsm, line 235: Error: Invalid autocomplete selectedIndex
[Parent 14448, Gecko_IOThread] WARNING: file /builds/worker/checkouts/gecko/ipc/chromium/src/base/process_util_win.cc, line 166
1610396546639	Marionette	INFO	Stopped listening on port 3207

###!!! [Child][MessageChannel::SendAndWait] Error: Channel error: cannot send/recv

1611773648266	geckodriver	INFO	Listening on 127.0.0.1:1749
1611773651380	mozrunner::runner	INFO	Running command: "C:\\Program Files (x86)\\Mozilla Firefox\\firefox.exe" "--marionette" "-foreground" "-no-remote" "-profile" "C:\\Users\\raY\\AppData\\Local\\Temp\\rust_mozprofilewNDZgK"
Can't find symbol 'eglSwapBuffersWithDamageEXT'.
Can't find symbol 'eglSetDamageRegionKHR'.
console.warn: SearchSettings: "get: No settings file exists, new profile?" (new Error("", "(unknown module)"))
1611773655598	Marionette	INFO	Listening on port 1759
1611773655692	Marionette	WARN	TLS certificate errors will be ignored for this session
JavaScript warning: https://vlibras.gov.br/app2/vlibras-plugin.js, line 81: unreachable code after return statement
JavaScript warning: http://www.snirh.gov.br/hidrotelemetria/inc/js/Functions.js, line 447: unreachable code after return statement
JavaScript warning: http://www.snirh.gov.br/hidrotelemetria/inc/js/Functions.js, line 501: unreachable code after return statement
JavaScript warning: http://www.snirh.gov.br/hidrotelemetria/inc/js/Functions.js, line 558: unreachable code after return statement
JavaScript warning: https://vlibras.gov.br/app2/vlibras-plugin.js, line 81: unreachable code after return statement
JavaScript error: resource://gre/actors/AutoCompleteChild.jsm, line 125: Error: Invalid autocomplete selectedIndex
1611774202996	Marionette	INFO	Stopped listening on port 1759
1773799866	mozrunner::runner	INFO	Running command: "C:\\Program Files (x86)\\Mozilla Firefox\\firefox.exe" "--marionette" "-foreground" "-no-remote" "-profile" "C:\\Users\\raY\\AppData\\Local\\Temp\\rust_mozprofilebLshD6"
Can't find symbol 'eglSwapBuffersWithDamageEXT'.
Can't find symbol 'eglSetDamageRegionKHR'.
console.warn: SearchSettings: "get: No settings file exists, new profile?" (new Error("", "(unknown module)"))
1611773802513	Marionette	INFO	Listening on port 1929
1611773802553	Marionette	WARN	TLS certificate errors will be ignored for this session
JavaScript warning: https://vlibras.gov.br/app2/vlibras-plugin.js, line 81: unreachable code after return statement
JavaScript warning: https://vlibras.gov.br/app2/vlibras-plugin.js, line 81: unreachable code after return statement
JavaScript warning: http://www.snirh.gov.br/hidrotelemetria/inc/js/Functions.js, line 447: unreachable code after return statement
JavaScript warning: http://www.snirh.gov.br/hidrotelemetria/inc/js/Functions.js, line 501: unreachable code after return statement
JavaScript warning: http://www.snirh.gov.br/hidrotelemetria/inc/js/Functions.js, line 558: unreachable code after return statement
JavaScript error: resource://gre/actors/AutoCompleteChild.jsm, line 125: Error: Invalid autocomplete selectedIndex
1611774203849	Marionette	INFO	Stopped listening on port 1929

###!!! [Child][RunMessage] Error: Channel closing: too late to send/recv, messages will be lost

.exe" "--marionette" "-foreground" "-no-remote" "-profile" "C:\\Users\\raY\\AppData\\Local\\Temp\\rust_mozprofilet0Azg5"
Can't find symbol 'eglSwapBuffersWithDamageEXT'.
Can't find symbol 'eglSetDamageRegionKHR'.
console.warn: SearchSettings: "get: No settings file exists, new profile?" (new Error("", "(unknown module)"))
1611774206148	Marionette	INFO	Listening on port 2216
1611774206281	Marionette	WARN	TLS certificate errors will be ignored for this session
JavaScript warning: https://vlibras.gov.br/app2/vlibras-plugin.js, line 81: unreachable code after return statement
JavaScript warning: https://vlibras.gov.br/app2/vlibras-plugin.js, line 81: unreachable code after return statement
JavaScript warning: http://www.snirh.gov.br/hidrotelemetria/inc/js/Functions.js, line 447: unreachable code after return statement
JavaScript warning: http://www.snirh.gov.br/hidrotelemetria/inc/js/Functions.js, line 501: unreachable code after return statement
JavaScript warning: http://www.snirh.gov.br/hidrotelemetria/inc/js/Functions.js, line 558: unreachable code after return statement
JavaScript error: resource://gre/actors/AutoCompleteChild.jsm, line 125: Error: Invalid autocomplete selectedIndex
1611774299151	Marionette	INFO	Stopped listening on port 2216

###!!! [Child][RunMessage] Error: Channel closing: too late to send/recv, messages will be lost

.exe" "--marionette" "-foreground" "-no-remote" "-profile" "C:\\Users\\raY\\AppData\\Local\\Temp\\rust_mozprofile8xKXwi"
Can't find symbol 'eglSwapBuffersWithDamageEXT'.
Can't find symbol 'eglSetDamageRegionKHR'.
console.warn: SearchSettings: "get: No settings file exists, new profile?" (new Error("", "(unknown module)"))
1611774272942	Marionette	INFO	Listening on port 2378
1611774273242	Marionette	WARN	TLS certificate errors will be ignored for this session
JavaScript warning: https://vlibras.gov.br/app2/vlibras-plugin.js, line 81: unreachable code after return statement
JavaScript warning: https://vlibras.gov.br/app2/vlibras-plugin.js, line 81: unreachable code after return statement
JavaScript warning: http://www.snirh.gov.br/hidrotelemetria/inc/js/Functions.js, line 447: unreachable code after return statement
JavaScript warning: http://www.snirh.gov.br/hidrotelemetria/inc/js/Functions.js, line 501: unreachable code after return statement
JavaScript warning: http://www.snirh.gov.br/hidrotelemetria/inc/js/Functions.js, line 558: unreachable code after return statement
JavaScript error: resource://gre/actors/AutoCompleteChild.jsm, line 125: Error: Invalid autocomplete selectedIndex
1611774348089	Marionette	INFO	Stopped listening on port 2378

###!!! [Child][RunMessage] Error: Channel closing: too late to send/recv, messages will be lost

.exe" "--marionette" "-foreground" "-no-remote" "-profile" "C:\\Users\\raY\\AppData\\Local\\Temp\\rust_mozprofilegwdjeY"
Can't find symbol 'eglSwapBuffersWithDamageEXT'.
Can't find symbol 'eglSetDamageRegionKHR'.
console.warn: SearchSettings: "get: No settings file exists, new profile?" (new Error("", "(unknown module)"))
1611774348334	Marionette	INFO	Listening on port 2545
1611774348372	Marionette	WARN	TLS certificate errors will be ignored for this session
JavaScript warning: https://vlibras.gov.br/app2/vlibras-plugin.js, line 81: unreachable code after return statement
JavaScript warning: https://vlibras.gov.br/app2/vlibras-plugin.js, line 81: unreachable code after return statement
JavaScript warning: http://www.snirh.gov.br/hidrotelemetria/inc/js/Functions.js, line 447: unreachable code after return statement
JavaScript warning: http://www.snirh.gov.br/hidrotelemetria/inc/js/Functions.js, line 501: unreachable code after return statement
JavaScript warning: http://www.snirh.gov.br/hidrotelemetria/inc/js/Functions.js, line 558: unreachable code after return statement
JavaScript error: resource://gre/actors/AutoCompleteChild.jsm, line 125: Error: Invalid autocomplete selectedIndex
1611774867718	Marionette	INFO	Stopped listening on port 2545

###!!! [Child][RunMessage] Error: Channel closing: too late to send/recv, messages will be lost

.exe" "--marionette" "-foreground" "-no-remote" "-profile" "C:\\Users\\raY\\AppData\\Local\\Temp\\rust_mozprofilenYnZAD"
Can't find symbol 'eglSwapBuffersWithDamageEXT'.
Can't find symbol 'eglSetDamageRegionKHR'.
console.warn: SearchSettings: "get: No settings file exists, new profile?" (new Error("", "(unknown module)"))
1611774438173	Marionette	INFO	Listening on port 2714
1611774438353	Marionette	WARN	TLS certificate errors will be ignored for this session
JavaScript warning: https://vlibras.gov.br/app2/vlibras-plugin.js, line 81: unreachable code after return statement
JavaScript warning: http://www.snirh.gov.br/hidrotelemetria/inc/js/Functions.js, line 447: unreachable code after return statement
JavaScript warning: http://www.snirh.gov.br/hidrotelemetria/inc/js/Functions.js, line 501: unreachable code after return statement
JavaScript warning: http://www.snirh.gov.br/hidrotelemetria/inc/js/Functions.js, line 558: unreachable code after return statement
JavaScript warning: https://vlibras.gov.br/app2/vlibras-plugin.js, line 81: unreachable code after return statement
JavaScript error: resource://gre/actors/AutoCompleteChild.jsm, line 125: Error: Invalid autocomplete selectedIndex
1611774868405	Marionette	INFO	Stopped listening on port 2714

###!!! [Child][RunMessage] Error: Channel closing: too late to send/recv, messages will be lost

.exe" "--marionette" "-foreground" "-no-remote" "-profile" "C:\\Users\\raY\\AppData\\Local\\Temp\\rust_mozprofilezpuZQY"
Can't find symbol 'eglSwapBuffersWithDamageEXT'.
Can't find symbol 'eglSetDamageRegionKHR'.
console.warn: SearchSettings: "get: No settings file exists, new profile?" (new Error("", "(unknown module)"))
1611774577446	Marionette	INFO	Listening on port 2896
1611774577690	Marionette	WARN	TLS certificate errors will be ignored for this session
JavaScript warning: https://vlibras.gov.br/app2/vlibras-plugin.js, line 81: unreachable code after return statement
JavaScript warning: https://vlibras.gov.br/app2/vlibras-plugin.js, line 81: unreachable code after return statement
JavaScript warning: http://www.snirh.gov.br/hidrotelemetria/inc/js/Functions.js, line 447: unreachable code after return statement
JavaScript warning: http://www.snirh.gov.br/hidrotelemetria/inc/js/Functions.js, line 501: unreachable code after return statement
JavaScript warning: http://www.snirh.gov.br/hidrotelemetria/inc/js/Functions.js, line 558: unreachable code after return statement
JavaScript error: resource://gre/actors/AutoCompleteChild.jsm, line 125: Error: Invalid autocomplete selectedIndex
1611774869412	Marionette	INFO	Stopped listening on port 2896

###!!! [Child][RunMessage] Error: Channel closing: too late to send/recv, messages will be lost

.exe" "--marionette" "-foreground" "-no-remote" "-profile" "C:\\Users\\raY\\AppData\\Local\\Temp\\rust_mozprofileOxu5cH"
Can't find symbol 'eglSwapBuffersWithDamageEXT'.
Can't find symbol 'eglSetDamageRegionKHR'.
console.warn: SearchSettings: "get: No settings file exists, new profile?" (new Error("", "(unknown module)"))
1611774869581	Marionette	INFO	Listening on port 3129
1611774869654	Marionette	WARN	TLS certificate errors will be ignored for this session
JavaScript error: resource://activity-stream/lib/ASRouter.jsm, line 987: NS_ERROR_ILLEGAL_VALUE: Component returned failure code: 0x80070057 (NS_ERROR_ILLEGAL_VALUE) [nsIObserverService.removeObserver]
Marionette threw an error: TypeError: browsingContextFn().currentWindowGlobal is null
getMarionetteCommandsActorProxy/get/<@chrome://marionette/content/actors/MarionetteCommandsParent.jsm:330:29

console.error: services.settings: 
  main/cfr Signature failed  TypeError: NetworkError when attempting to fetch resource.
[Parent 3844, Gecko_IOThread] WARNING: file /builds/worker/checkouts/gecko/ipc/chromium/src/base/process_util_win.cc:166
1611774870747	Marionette	INFO	Stopped listening on port 3129

###!!! [Child][RunMessage] Error: Channel closing: too late to send/recv, messages will be lost

1611774878892	geckodriver	INFO	Listening on 127.0.0.1:3170
1611774881950	mozrunner::runner	INFO	Running command: "C:\\Program Files (x86)\\Mozilla Firefox\\firefox.exe" "--marionette" "-foreground" "-no-remote" "-profile" "C:\\Users\\raY\\AppData\\Local\\Temp\\rust_mozprofilefl0sFS"
Can't find symbol 'eglSwapBuffersWithDamageEXT'.
Can't find symbol 'eglSetDamageRegionKHR'.
console.warn: SearchSettings: "get: No settings file exists, new profile?" (new Error("", "(unknown module)"))
1611774884459	Marionette	INFO	Listening on port 3178
1611774884642	Marionette	WARN	TLS certificate errors will be ignored for this session
JavaScript warning: https://vlibras.gov.br/app2/vlibras-plugin.js, line 81: unreachable code after return statement
JavaScript warning: https://vlibras.gov.br/app2/vlibras-plugin.js, line 81: unreachable code after return statement
JavaScript warning: http://www.snirh.gov.br/hidrotelemetria/inc/js/Functions.js, line 447: unreachable code after return statement
JavaScript warning: http://www.snirh.gov.br/hidrotelemetria/inc/js/Functions.js, line 501: unreachable code after return statement
JavaScript warning: http://www.snirh.gov.br/hidrotelemetria/inc/js/Functions.js, line 558: unreachable code after return statement
JavaScript error: resource://gre/actors/AutoCompleteChild.jsm, line 125: Error: Invalid autocomplete selectedIndex
JavaScript error: , line 0: NS_ERROR_NOT_AVAILABLE
1611775694897	Marionette	INFO	Stopped listening on port 3178

###!!! [Child][RunMessage] Error: Channel closing: too late to send/recv, messages will be lost

.exe" "--marionette" "-foreground" "-no-remote" "-profile" "C:\\Users\\raY\\AppData\\Local\\Temp\\rust_mozprofilecnOvvf"
Can't find symbol 'eglSwapBuffersWithDamageEXT'.
Can't find symbol 'eglSetDamageRegionKHR'.
console.warn: SearchSettings: "get: No settings file exists, new profile?" (new Error("", "(unknown module)"))
1611775690978	Marionette	INFO	Listening on port 3478
1611775691214	Marionette	WARN	TLS certificate errors will be ignored for this session
JavaScript warning: https://vlibras.gov.br/app2/vlibras-plugin.js, line 81: unreachable code after return statement
JavaScript warning: https://vlibras.gov.br/app2/vlibras-plugin.js, line 81: unreachable code after return statement
JavaScript warning: http://www.snirh.gov.br/hidrotelemetria/inc/js/Functions.js, line 447: unreachable code after return statement
JavaScript warning: http://www.snirh.gov.br/hidrotelemetria/inc/js/Functions.js, line 501: unreachable code after return statement
JavaScript warning: http://www.snirh.gov.br/hidrotelemetria/inc/js/Functions.js, line 558: unreachable code after return statement
JavaScript error: resource://gre/actors/AutoCompleteChild.jsm, line 125: Error: Invalid autocomplete selectedIndex
JavaScript error: , line 0: NS_ERROR_NOT_AVAILABLE
1611776516022	Marionette	INFO	Stopped listening on port 3478

###!!! [Child][RunMessage] Error: Channel closing: too late to send/recv, messages will be lost

.exe" "--marionette" "-foreground" "-no-remote" "-profile" "C:\\Users\\raY\\AppData\\Local\\Temp\\rust_mozprofile95DK7O"
Can't find symbol 'eglSwapBuffersWithDamageEXT'.
Can't find symbol 'eglSetDamageRegionKHR'.
console.warn: SearchSettings: "get: No settings file exists, new profile?" (new Error("", "(unknown module)"))
1611776514059	Marionette	INFO	Listening on port 3758
1611776514173	Marionette	WARN	TLS certificate errors will be ignored for this session
JavaScript warning: https://vlibras.gov.br/app2/vlibras-plugin.js, line 81: unreachable code after return statement
JavaScript warning: https://vlibras.gov.br/app2/vlibras-plugin.js, line 81: unreachable code after return statement
JavaScript warning: http://www.snirh.gov.br/hidrotelemetria/inc/js/Functions.js, line 447: unreachable code after return statement
JavaScript warning: http://www.snirh.gov.br/hidrotelemetria/inc/js/Functions.js, line 501: unreachable code after return statement
JavaScript warning: http://www.snirh.gov.br/hidrotelemetria/inc/js/Functions.js, line 558: unreachable code after return statement
JavaScript error: resource://gre/actors/AutoCompleteChild.jsm, line 125: Error: Invalid autocomplete selectedIndex
JavaScript error: , line 0: NS_ERROR_NOT_AVAILABLE
1611777467526	Marionette	INFO	Stopped listening on port 3758

###!!! [Child][RunMessage] Error: Channel closing: too late to send/recv, messages will be lost

ofile" "C:\\Users\\raY\\AppData\\Local\\Temp\\rust_mozprofile9jRjNy"
Can't find symbol 'eglSwapBuffersWithDamageEXT'.
Can't find symbol 'eglSetDamageRegionKHR'.
console.warn: SearchSettings: "get: No settings file exists, new profile?" (new Error("", "(unknown module)"))
1611776916056	Marionette	INFO	Listening on port 3973
1611776916534	Marionette	WARN	TLS certificate errors will be ignored for this session
JavaScript warning: https://vlibras.gov.br/app2/vlibras-plugin.js, line 81: unreachable code after return statement
JavaScript warning: https://vlibras.gov.br/app2/vlibras-plugin.js, line 81: unreachable code after return statement
JavaScript warning: http://www.snirh.gov.br/hidrotelemetria/inc/js/Functions.js, line 447: unreachable code after return statement
JavaScript warning: http://www.snirh.gov.br/hidrotelemetria/inc/js/Functions.js, line 501: unreachable code after return statement
JavaScript warning: http://www.snirh.gov.br/hidrotelemetria/inc/js/Functions.js, line 558: unreachable code after return statement
JavaScript error: resource://gre/actors/AutoCompleteChild.jsm, line 125: Error: Invalid autocomplete selectedIndex
1611777468190	Marionette	INFO	Stopped listening on port 3973

###!!! [Child][RunMessage] Error: Channel closing: too late to send/recv, messages will be lost

.exe" "--marionette" "-foreground" "-no-remote" "-profile" "C:\\Users\\raY\\AppData\\Local\\Temp\\rust_mozprofilevuJP0p"
Can't find symbol 'eglSwapBuffersWithDamageEXT'.
Can't find symbol 'eglSetDamageRegionKHR'.
console.warn: SearchSettings: "get: No settings file exists, new profile?" (new Error("", "(unknown module)"))
1611777300037	Marionette	INFO	Listening on port 4181
1611777300563	Marionette	WARN	TLS certificate errors will be ignored for this session
JavaScript warning: https://vlibras.gov.br/app2/vlibras-plugin.js, line 81: unreachable code after return statement
JavaScript warning: https://vlibras.gov.br/app2/vlibras-plugin.js, line 81: unreachable code after return statement
JavaScript warning: http://www.snirh.gov.br/hidrotelemetria/inc/js/Functions.js, line 447: unreachable code after return statement
JavaScript warning: http://www.snirh.gov.br/hidrotelemetria/inc/js/Functions.js, line 501: unreachable code after return statement
JavaScript warning: http://www.snirh.gov.br/hidrotelemetria/inc/js/Functions.js, line 558: unreachable code after return statement
JavaScript error: resource://gre/actors/AutoCompleteChild.jsm, line 125: Error: Invalid autocomplete selectedIndex
1611777469754	Marionette	INFO	Stopped listening on port 4181

###!!! [Child][RunMessage] Error: Channel closing: too late to send/recv, messages will be lost

.exe" "--marionette" "-foreground" "-no-remote" "-profile" "C:\\Users\\raY\\AppData\\Local\\Temp\\rust_mozprofileUQuE3s"
Can't find symbol 'eglSwapBuffersWithDamageEXT'.
Can't find symbol 'eglSetDamageRegionKHR'.
console.warn: SearchSettings: "get: No settings file exists, new profile?" (new Error("", "(unknown module)"))
1611777382266	Marionette	INFO	Listening on port 4349
1611777382396	Marionette	WARN	TLS certificate errors will be ignored for this session
JavaScript warning: https://vlibras.gov.br/app2/vlibras-plugin.js, line 81: unreachable code after return statement
JavaScript warning: https://vlibras.gov.br/app2/vlibras-plugin.js, line 81: unreachable code after return statement
JavaScript warning: http://www.snirh.gov.br/hidrotelemetria/inc/js/Functions.js, line 447: unreachable code after return statement
JavaScript warning: http://www.snirh.gov.br/hidrotelemetria/inc/js/Functions.js, line 501: unreachable code after return statement
JavaScript warning: http://www.snirh.gov.br/hidrotelemetria/inc/js/Functions.js, line 558: unreachable code after return statement
JavaScript error: resource://gre/actors/AutoCompleteChild.jsm, line 125: Error: Invalid autocomplete selectedIndex
1611777471020	Marionette	INFO	Stopped listening on port 4349
1777467005	mozrunner::runner	INFO	Running command: "C:\\Program Files (x86)\\Mozilla Firefox\\firefox.exe" "--marionette" "-foreground" "-no-remote" "-profile" "C:\\Users\\raY\\AppData\\Local\\Temp\\rust_mozprofilehjAbll"
Can't find symbol 'eglSwapBuffersWithDamageEXT'.
Can't find symbol 'eglSetDamageRegionKHR'.
console.warn: SearchSettings: "get: No settings file exists, new profile?" (new Error("", "(unknown module)"))
1611777471087	Marionette	INFO	Listening on port 4511
1611777471218	Marionette	WARN	TLS certificate errors will be ignored for this session
JavaScript warning: https://vlibras.gov.br/app2/vlibras-plugin.js, line 81: unreachable code after return statement
JavaScript warning: https://vlibras.gov.br/app2/vlibras-plugin.js, line 81: unreachable code after return statement
JavaScript warning: http://www.snirh.gov.br/hidrotelemetria/inc/js/Functions.js, line 447: unreachable code after return statement
JavaScript warning: http://www.snirh.gov.br/hidrotelemetria/inc/js/Functions.js, line 501: unreachable code after return statement
JavaScript warning: http://www.snirh.gov.br/hidrotelemetria/inc/js/Functions.js, line 558: unreachable code after return statement
JavaScript error: resource://gre/actors/AutoCompleteChild.jsm, line 125: Error: Invalid autocomplete selectedIndex
1611777908887	Marionette	INFO	Stopped listening on port 4511

###!!! [Child][RunMessage] Error: Channel closing: too late to send/recv, messages will be lost

.exe" "--marionette" "-foreground" "-no-remote" "-profile" "C:\\Users\\raY\\AppData\\Local\\Temp\\rust_mozprofileM1VlXy"
Can't find symbol 'eglSwapBuffersWithDamageEXT'.
Can't find symbol 'eglSetDamageRegionKHR'.
console.warn: SearchSettings: "get: No settings file exists, new profile?" (new Error("", "(unknown module)"))
1611777907670	Marionette	INFO	Listening on port 4732
1611777907823	Marionette	WARN	TLS certificate errors will be ignored for this session
JavaScript warning: https://vlibras.gov.br/app2/vlibras-plugin.js, line 81: unreachable code after return statement
JavaScript warning: https://vlibras.gov.br/app2/vlibras-plugin.js, line 81: unreachable code after return statement
JavaScript warning: http://www.snirh.gov.br/hidrotelemetria/inc/js/Functions.js, line 447: unreachable code after return statement
JavaScript warning: http://www.snirh.gov.br/hidrotelemetria/inc/js/Functions.js, line 501: unreachable code after return statement
JavaScript warning: http://www.snirh.gov.br/hidrotelemetria/inc/js/Functions.js, line 558: unreachable code after return statement
JavaScript error: resource://gre/actors/AutoCompleteChild.jsm, line 125: Error: Invalid autocomplete selectedIndex
1611777989031	Marionette	INFO	Stopped listening on port 4732

###!!! [Child][RunMessage] Error: Channel closing: too late to send/recv, messages will be lost

.exe" "--marionette" "-foreground" "-no-remote" "-profile" "C:\\Users\\raY\\AppData\\Local\\Temp\\rust_mozprofileNE5eD6"
Can't find symbol 'eglSwapBuffersWithDamageEXT'.
Can't find symbol 'eglSetDamageRegionKHR'.
console.warn: SearchSettings: "get: No settings file exists, new profile?" (new Error("", "(unknown module)"))
1611777990534	Marionette	INFO	Listening on port 4902
1611777990793	Marionette	WARN	TLS certificate errors will be ignored for this session
JavaScript warning: https://vlibras.gov.br/app2/vlibras-plugin.js, line 81: unreachable code after return statement
JavaScript warning: https://vlibras.gov.br/app2/vlibras-plugin.js, line 81: unreachable code after return statement
JavaScript warning: http://www.snirh.gov.br/hidrotelemetria/inc/js/Functions.js, line 447: unreachable code after return statement
JavaScript warning: http://www.snirh.gov.br/hidrotelemetria/inc/js/Functions.js, line 501: unreachable code after return statement
JavaScript warning: http://www.snirh.gov.br/hidrotelemetria/inc/js/Functions.js, line 558: unreachable code after return statement
JavaScript error: resource://gre/actors/AutoCompleteChild.jsm, line 125: Error: Invalid autocomplete selectedIndex
1611778307217	Marionette	INFO	Stopped listening on port 4902

###!!! [Child][RunMessage] Error: Channel closing: too late to send/recv, messages will be lost

.exe" "--marionette" "-foreground" "-no-remote" "-profile" "C:\\Users\\raY\\AppData\\Local\\Temp\\rust_mozprofilexQ53Tl"
Can't find symbol 'eglSwapBuffersWithDamageEXT'.
Can't find symbol 'eglSetDamageRegionKHR'.
console.warn: SearchSettings: "get: No settings file exists, new profile?" (new Error("", "(unknown module)"))
1611778214460	Marionette	INFO	Listening on port 5092
1611778214667	Marionette	WARN	TLS certificate errors will be ignored for this session
JavaScript warning: https://vlibras.gov.br/app2/vlibras-plugin.js, line 81: unreachable code after return statement
JavaScript warning: https://vlibras.gov.br/app2/vlibras-plugin.js, line 81: unreachable code after return statement
JavaScript warning: http://www.snirh.gov.br/hidrotelemetria/inc/js/Functions.js, line 447: unreachable code after return statement
JavaScript warning: http://www.snirh.gov.br/hidrotelemetria/inc/js/Functions.js, line 501: unreachable code after return statement
JavaScript warning: http://www.snirh.gov.br/hidrotelemetria/inc/js/Functions.js, line 558: unreachable code after return statement
JavaScript error: resource://gre/actors/AutoCompleteChild.jsm, line 125: Error: Invalid autocomplete selectedIndex
JavaScript error: , line 0: NS_ERROR_NOT_AVAILABLE
1611779792248	Marionette	INFO	Stopped listening on port 5092

###!!! [Child][RunMessage] Error: Channel closing: too late to send/recv, messages will be lost

1611780374595	geckodriver	INFO	Listening on 127.0.0.1:5780
1611780377719	mozrunner::runner	INFO	Running command: "C:\\Program Files (x86)\\Mozilla Firefox\\firefox.exe" "--marionette" "-foreground" "-no-remote" "-profile" "C:\\Users\\raY\\AppData\\Local\\Temp\\rust_mozprofileloI7MI"
Can't find symbol 'eglSwapBuffersWithDamageEXT'.
Can't find symbol 'eglSetDamageRegionKHR'.
console.warn: SearchSettings: "get: No settings file exists, new profile?" (new Error("", "(unknown module)"))
1611780380387	Marionette	INFO	Listening on port 5788
1611780380437	Marionette	WARN	TLS certificate errors will be ignored for this session
JavaScript error: resource://activity-stream/lib/ASRouter.jsm, line 987: NS_ERROR_ILLEGAL_VALUE: Component returned failure code: 0x80070057 (NS_ERROR_ILLEGAL_VALUE) [nsIObserverService.removeObserver]
Marionette threw an error: NotFoundError: WindowGlobalParent.getActor: No such JSWindowActor 'MarionetteCommands'
getMarionetteCommandsActorProxy/get/<@chrome://marionette/content/actors/MarionetteCommandsParent.jsm:330:69
GeckoDriver.prototype.deleteSession@chrome://marionette/content/driver.js:3034:17
onClosed@chrome://marionette/content/server.js:196:17
close@chrome://marionette/content/transport.js:225:18
onInputStreamReady@chrome://marionette/content/transport.js:379:14

JavaScript error: , line 0: NotFoundError: No such JSWindowActor 'MarionetteCommands'

###!!! [Child][RunMessage] Error: Channel closing: too late to send/recv, messages will be lost


###!!! [Child][RunMessage] Error: Channel closing: too late to send/recv, messages will be lost

1611780382343	Marionette	INFO	Stopped listening on port 5788

###!!! [Child][RunMessage] Error: Channel closing: too late to send/recv, messages will be lost

1611780420977	geckodriver	INFO	Listening on 127.0.0.1:5831
1611780424090	mozrunner::runner	INFO	Running command: "C:\\Program Files (x86)\\Mozilla Firefox\\firefox.exe" "--marionette" "-foreground" "-no-remote" "-profile" "C:\\Users\\raY\\AppData\\Local\\Temp\\rust_mozprofile5es7fP"
Can't find symbol 'eglSwapBuffersWithDamageEXT'.
Can't find symbol 'eglSetDamageRegionKHR'.
console.warn: SearchSettings: "get: No settings file exists, new profile?" (new Error("", "(unknown module)"))
1611780426622	Marionette	INFO	Listening on port 5839
1611780426772	Marionette	WARN	TLS certificate errors will be ignored for this session
JavaScript warning: https://vlibras.gov.br/app2/vlibras-plugin.js, line 81: unreachable code after return statement
JavaScript warning: https://vlibras.gov.br/app2/vlibras-plugin.js, line 81: unreachable code after return statement
JavaScript warning: http://www.snirh.gov.br/hidrotelemetria/inc/js/Functions.js, line 447: unreachable code after return statement
JavaScript warning: http://www.snirh.gov.br/hidrotelemetria/inc/js/Functions.js, line 501: unreachable code after return statement
JavaScript warning: http://www.snirh.gov.br/hidrotelemetria/inc/js/Functions.js, line 558: unreachable code after return statement
JavaScript error: resource://gre/actors/AutoCompleteChild.jsm, line 125: Error: Invalid autocomplete selectedIndex
1611780521222	Marionette	INFO	Stopped listening on port 5839

###!!! [Child][RunMessage] Error: Channel closing: too late to send/recv, messages will be lost

.exe" "--marionette" "-foreground" "-no-remote" "-profile" "C:\\Users\\raY\\AppData\\Local\\Temp\\rust_mozprofilegLxwQw"
Can't find symbol 'eglSwapBuffersWithDamageEXT'.
Can't find symbol 'eglSetDamageRegionKHR'.
console.warn: SearchSettings: "get: No settings file exists, new profile?" (new Error("", "(unknown module)"))
1611780517411	Marionette	INFO	Listening on port 5994
1611780517797	Marionette	WARN	TLS certificate errors will be ignored for this session
JavaScript warning: https://vlibras.gov.br/app2/vlibras-plugin.js, line 81: unreachable code after return statement
JavaScript warning: https://vlibras.gov.br/app2/vlibras-plugin.js, line 81: unreachable code after return statement
JavaScript warning: http://www.snirh.gov.br/hidrotelemetria/inc/js/Functions.js, line 447: unreachable code after return statement
JavaScript warning: http://www.snirh.gov.br/hidrotelemetria/inc/js/Functions.js, line 501: unreachable code after return statement
JavaScript warning: http://www.snirh.gov.br/hidrotelemetria/inc/js/Functions.js, line 558: unreachable code after return statement
JavaScript error: resource://gre/actors/AutoCompleteChild.jsm, line 125: Error: Invalid autocomplete selectedIndex
JavaScript error: , line 0: NS_ERROR_NOT_AVAILABLE
1611782281333	Marionette	INFO	Stopped listening on port 5994

###!!! [Child][RunMessage] Error: Channel closing: too late to send/recv, messages will be lost

ofile" "C:\\Users\\raY\\AppData\\Local\\Temp\\rust_mozprofileYkdvXK"
Can't find symbol 'eglSwapBuffersWithDamageEXT'.
Can't find symbol 'eglSetDamageRegionKHR'.
console.warn: SearchSettings: "get: No settings file exists, new profile?" (new Error("", "(unknown module)"))
1611780965084	Marionette	INFO	Listening on port 6222
1611780965565	Marionette	WARN	TLS certificate errors will be ignored for this session
JavaScript warning: https://vlibras.gov.br/app2/vlibras-plugin.js, line 81: unreachable code after return statement
JavaScript warning: https://vlibras.gov.br/app2/vlibras-plugin.js, line 81: unreachable code after return statement
JavaScript warning: http://www.snirh.gov.br/hidrotelemetria/inc/js/Functions.js, line 447: unreachable code after return statement
JavaScript warning: http://www.snirh.gov.br/hidrotelemetria/inc/js/Functions.js, line 501: unreachable code after return statement
JavaScript warning: http://www.snirh.gov.br/hidrotelemetria/inc/js/Functions.js, line 558: unreachable code after return statement
1611780978992	Marionette	INFO	Stopped listening on port 6222

###!!! [Child][RunMessage] Error: Channel closing: too late to send/recv, messages will be lost

